Symlinking /home/ok/catkin_ws/devel/lib/libwpr_plugin.so
Symlinking /home/ok/catkin_ws/devel/lib/wpr_simulation/demo_simple_goal
Symlinking /home/ok/catkin_ws/devel/lib/wpr_simulation/demo_cv_image
Symlinking /home/ok/catkin_ws/devel/lib/wpr_simulation/demo_map_tool
Symlinking /home/ok/catkin_ws/devel/lib/wpr_simulation/demo_waypoint_navi
Symlinking /home/ok/catkin_ws/devel/lib/wpr_simulation/ball_random_move
Symlinking /home/ok/catkin_ws/devel/lib/wpr_simulation/wpr1_sim
Symlinking /home/ok/catkin_ws/devel/lib/wpr_simulation/demo_imu_behavior
Symlinking /home/ok/catkin_ws/devel/lib/wpr_simulation/demo_cv_hsv
Symlinking /home/ok/catkin_ws/devel/lib/wpr_simulation/teleop_js_node
Symlinking /home/ok/catkin_ws/devel/lib/wpr_simulation/keyboard_vel_ctrl
Symlinking /home/ok/catkin_ws/devel/lib/wpr_simulation/wpb_home_sim
Symlinking /home/ok/catkin_ws/devel/lib/wpr_simulation/demo_imu_data
Symlinking /home/ok/catkin_ws/devel/lib/wpr_simulation/demo_cv_follow
Symlinking /home/ok/catkin_ws/devel/lib/wpr_simulation/lidar_filter
Symlinking /home/ok/catkin_ws/devel/lib/wpr_simulation/demo_map_pub
Symlinking /home/ok/catkin_ws/devel/lib/wpr_simulation/demo_lidar_data
Symlinking /home/ok/catkin_ws/devel/lib/wpr_simulation/demo_vel_ctrl
Symlinking /home/ok/catkin_ws/devel/lib/wpr_simulation/demo_cv_face_detect
Symlinking /home/ok/catkin_ws/devel/lib/wpr_simulation/demo_sr_navigation
Symlinking /home/ok/catkin_ws/devel/lib/wpr_simulation/demo_lidar_behavior
Symlinking /home/ok/catkin_ws/devel/lib/pkgconfig/wpr_simulation.pc
Symlinking /home/ok/catkin_ws/devel/share/wpr_simulation/cmake/wpr_simulationConfig-version.cmake
Symlinking /home/ok/catkin_ws/devel/share/wpr_simulation/cmake/wpr_simulationConfig.cmake
