[35m[1mScanning dependencies of target sensor_msgs_generate_messages_nodejs[0m
[35m[1mScanning dependencies of target nav_msgs_generate_messages_cpp[0m
[35m[1mScanning dependencies of target actionlib_generate_messages_lisp[0m
[35m[1mScanning dependencies of target std_msgs_generate_messages_nodejs[0m
[35m[1mScanning dependencies of target std_msgs_generate_messages_cpp[0m
[35m[1mScanning dependencies of target geometry_msgs_generate_messages_eus[0m
[35m[1mScanning dependencies of target nav_msgs_generate_messages_eus[0m
[35m[1mScanning dependencies of target sensor_msgs_generate_messages_cpp[0m
[35m[1mScanning dependencies of target roscpp_generate_messages_lisp[0m
[35m[1mScanning dependencies of target std_msgs_generate_messages_py[0m
[35m[1mScanning dependencies of target nav_msgs_generate_messages_lisp[0m
[35m[1mScanning dependencies of target actionlib_generate_messages_cpp[0m
[35m[1mScanning dependencies of target rosgraph_msgs_generate_messages_nodejs[0m
[35m[1mScanning dependencies of target tf_generate_messages_eus[0m
[35m[1mScanning dependencies of target nav_msgs_generate_messages_nodejs[0m
[35m[1mScanning dependencies of target tf_generate_messages_nodejs[0m
[35m[1mScanning dependencies of target move_base_msgs_generate_messages_py[0m
[35m[1mScanning dependencies of target controller_manager_msgs_generate_messages_eus[0m
[35m[1mScanning dependencies of target controller_manager_msgs_generate_messages_cpp[0m
[35m[1mScanning dependencies of target tf2_msgs_generate_messages_cpp[0m
[35m[1mScanning dependencies of target actionlib_msgs_generate_messages_py[0m
[35m[1mScanning dependencies of target controller_manager_msgs_generate_messages_nodejs[0m
[35m[1mScanning dependencies of target roscpp_generate_messages_py[0m
[35m[1mScanning dependencies of target controller_manager_msgs_generate_messages_lisp[0m
[35m[1mScanning dependencies of target rosgraph_msgs_generate_messages_lisp[0m
[35m[1mScanning dependencies of target std_msgs_generate_messages_lisp[0m
[35m[1mScanning dependencies of target rosgraph_msgs_generate_messages_py[0m
[35m[1mScanning dependencies of target roscpp_generate_messages_cpp[0m
[  0%] Built target sensor_msgs_generate_messages_nodejs
[35m[1mScanning dependencies of target actionlib_msgs_generate_messages_eus[0m
[  0%] Built target nav_msgs_generate_messages_cpp
[  0%] Built target std_msgs_generate_messages_cpp
[  0%] Built target roscpp_generate_messages_lisp
[  0%] Built target actionlib_generate_messages_lisp
[  0%] Built target std_msgs_generate_messages_nodejs
[  0%] Built target geometry_msgs_generate_messages_eus
[  0%] Built target sensor_msgs_generate_messages_cpp
[  0%] Built target std_msgs_generate_messages_py
[  0%] Built target nav_msgs_generate_messages_lisp
[  0%] Built target nav_msgs_generate_messages_eus
[  0%] Built target actionlib_generate_messages_cpp
[  0%] Built target tf_generate_messages_eus
[  0%] Built target rosgraph_msgs_generate_messages_nodejs
[  0%] Built target tf_generate_messages_nodejs
[  0%] Built target controller_manager_msgs_generate_messages_eus
[  0%] Built target controller_manager_msgs_generate_messages_lisp
[  0%] Built target controller_manager_msgs_generate_messages_nodejs
[  0%] Built target roscpp_generate_messages_py
[  0%] Built target tf2_msgs_generate_messages_cpp
[  0%] Built target nav_msgs_generate_messages_nodejs
[  0%] Built target actionlib_msgs_generate_messages_py
[  0%] Built target std_msgs_generate_messages_lisp
[  0%] Built target controller_manager_msgs_generate_messages_cpp
[  0%] Built target move_base_msgs_generate_messages_py
[  0%] Built target rosgraph_msgs_generate_messages_lisp
[  0%] Built target rosgraph_msgs_generate_messages_py
[  0%] Built target roscpp_generate_messages_cpp
[35m[1mScanning dependencies of target sensor_msgs_generate_messages_eus[0m
[35m[1mScanning dependencies of target sensor_msgs_generate_messages_lisp[0m
[  0%] Built target actionlib_msgs_generate_messages_eus
[35m[1mScanning dependencies of target roscpp_generate_messages_nodejs[0m
[35m[1mScanning dependencies of target roscpp_generate_messages_eus[0m
[35m[1mScanning dependencies of target move_base_msgs_generate_messages_eus[0m
[35m[1mScanning dependencies of target rosgraph_msgs_generate_messages_eus[0m
[35m[1mScanning dependencies of target tf2_msgs_generate_messages_eus[0m
[35m[1mScanning dependencies of target geometry_msgs_generate_messages_py[0m
[35m[1mScanning dependencies of target geometry_msgs_generate_messages_cpp[0m
[35m[1mScanning dependencies of target sensor_msgs_generate_messages_py[0m
[35m[1mScanning dependencies of target geometry_msgs_generate_messages_lisp[0m
[35m[1mScanning dependencies of target tf2_msgs_generate_messages_py[0m
[35m[1mScanning dependencies of target tf_generate_messages_cpp[0m
[35m[1mScanning dependencies of target rosgraph_msgs_generate_messages_cpp[0m
[35m[1mScanning dependencies of target actionlib_generate_messages_eus[0m
[35m[1mScanning dependencies of target tf_generate_messages_py[0m
[35m[1mScanning dependencies of target controller_manager_msgs_generate_messages_py[0m
[35m[1mScanning dependencies of target actionlib_generate_messages_nodejs[0m
[35m[1mScanning dependencies of target actionlib_generate_messages_py[0m
[35m[1mScanning dependencies of target actionlib_msgs_generate_messages_cpp[0m
[35m[1mScanning dependencies of target actionlib_msgs_generate_messages_nodejs[0m
[35m[1mScanning dependencies of target std_msgs_generate_messages_eus[0m
[35m[1mScanning dependencies of target actionlib_msgs_generate_messages_lisp[0m
[  0%] Built target sensor_msgs_generate_messages_lisp
[  0%] Built target sensor_msgs_generate_messages_eus
[  0%] Built target roscpp_generate_messages_eus
[  0%] Built target roscpp_generate_messages_nodejs
[  0%] Built target move_base_msgs_generate_messages_eus
[  0%] Built target sensor_msgs_generate_messages_py
[  0%] Built target rosgraph_msgs_generate_messages_eus
[  0%] Built target geometry_msgs_generate_messages_cpp
[  0%] Built target geometry_msgs_generate_messages_py
[  0%] Built target tf2_msgs_generate_messages_eus
[  0%] Built target geometry_msgs_generate_messages_lisp
[  0%] Built target tf2_msgs_generate_messages_py
[  0%] Built target tf_generate_messages_cpp
[  0%] Built target rosgraph_msgs_generate_messages_cpp
[  0%] Built target actionlib_generate_messages_nodejs
[  0%] Built target actionlib_generate_messages_eus
[  0%] Built target actionlib_msgs_generate_messages_nodejs
[  0%] Built target controller_manager_msgs_generate_messages_py
[  0%] Built target tf_generate_messages_py
[  0%] Built target actionlib_generate_messages_py
[  0%] Built target actionlib_msgs_generate_messages_cpp
[  0%] Built target std_msgs_generate_messages_eus
[  0%] Built target actionlib_msgs_generate_messages_lisp
[35m[1mScanning dependencies of target tf2_msgs_generate_messages_lisp[0m
[35m[1mScanning dependencies of target geometry_msgs_generate_messages_nodejs[0m
[35m[1mScanning dependencies of target move_base_msgs_generate_messages_cpp[0m
[35m[1mScanning dependencies of target tf2_msgs_generate_messages_nodejs[0m
[35m[1mScanning dependencies of target move_base_msgs_generate_messages_lisp[0m
[35m[1mScanning dependencies of target tf_generate_messages_lisp[0m
[35m[1mScanning dependencies of target move_base_msgs_generate_messages_nodejs[0m
[35m[1mScanning dependencies of target wpr_plugin[0m
[35m[1mScanning dependencies of target nav_msgs_generate_messages_py[0m
[  0%] Built target move_base_msgs_generate_messages_cpp
[  0%] Built target geometry_msgs_generate_messages_nodejs
[  0%] Built target tf2_msgs_generate_messages_lisp
[  0%] Built target tf2_msgs_generate_messages_nodejs
[  0%] Built target move_base_msgs_generate_messages_lisp
[  0%] Built target tf_generate_messages_lisp
[  0%] Built target move_base_msgs_generate_messages_nodejs
[  0%] Built target nav_msgs_generate_messages_py
[35m[1mScanning dependencies of target teleop_js_node[0m
[35m[1mScanning dependencies of target demo_cv_face_detect[0m
[35m[1mScanning dependencies of target demo_cv_follow[0m
[35m[1mScanning dependencies of target demo_cv_hsv[0m
[35m[1mScanning dependencies of target demo_map_pub[0m
[35m[1mScanning dependencies of target demo_imu_behavior[0m
[35m[1mScanning dependencies of target demo_lidar_behavior[0m
[35m[1mScanning dependencies of target demo_lidar_data[0m
[35m[1mScanning dependencies of target demo_imu_data[0m
[35m[1mScanning dependencies of target demo_sr_navigation[0m
[35m[1mScanning dependencies of target ball_random_move[0m
[35m[1mScanning dependencies of target demo_map_tool[0m
[35m[1mScanning dependencies of target lidar_filter[0m
[35m[1mScanning dependencies of target keyboard_vel_ctrl[0m
[35m[1mScanning dependencies of target demo_simple_goal[0m
[35m[1mScanning dependencies of target demo_waypoint_navi[0m
[35m[1mScanning dependencies of target demo_vel_ctrl[0m
[35m[1mScanning dependencies of target wpb_home_sim[0m
[35m[1mScanning dependencies of target wpr1_sim[0m
[  2%] [32mBuilding CXX object CMakeFiles/teleop_js_node.dir/src/teleop_js_node.cpp.o[0m
[35m[1mScanning dependencies of target demo_cv_image[0m
[  9%] [32mBuilding CXX object CMakeFiles/demo_lidar_behavior.dir/src/demo_lidar_behavior.cpp.o[0m
[  9%] [32mBuilding CXX object CMakeFiles/ball_random_move.dir/src/ball_random_move.cpp.o[0m
[  9%] [32mBuilding CXX object CMakeFiles/demo_lidar_data.dir/src/demo_lidar_data.cpp.o[0m
[ 11%] [32mBuilding CXX object CMakeFiles/demo_map_pub.dir/src/demo_map_pub.cpp.o[0m
[ 16%] [32mBuilding CXX object CMakeFiles/demo_sr_navigation.dir/src/demo_sr_navigation.cpp.o[0m
[ 16%] [32mBuilding CXX object CMakeFiles/demo_map_tool.dir/src/demo_map_tool.cpp.o[0m
[ 19%] [32mBuilding CXX object CMakeFiles/keyboard_vel_ctrl.dir/src/keyboard_vel_ctrl.cpp.o[0m
[ 21%] [32mBuilding CXX object CMakeFiles/demo_vel_ctrl.dir/src/demo_vel_ctrl.cpp.o[0m
[ 23%] [32mBuilding CXX object CMakeFiles/demo_waypoint_navi.dir/src/demo_waypoint_navi.cpp.o[0m
[ 26%] [32mBuilding CXX object CMakeFiles/demo_imu_behavior.dir/src/demo_imu_behavior.cpp.o[0m
[ 28%] [32mBuilding CXX object CMakeFiles/demo_imu_data.dir/src/demo_imu_data.cpp.o[0m
[ 30%] [32mBuilding CXX object CMakeFiles/lidar_filter.dir/src/lidar_filter.cpp.o[0m
[ 33%] [32mBuilding CXX object CMakeFiles/demo_simple_goal.dir/src/demo_simple_goal.cpp.o[0m
[ 35%] [32mBuilding CXX object CMakeFiles/demo_cv_face_detect.dir/src/demo_cv_face_detect.cpp.o[0m
[ 38%] [32mBuilding CXX object CMakeFiles/wpb_home_sim.dir/src/wpb_home_sim.cpp.o[0m
[ 40%] [32mBuilding CXX object CMakeFiles/wpr1_sim.dir/src/wpr1_sim.cpp.o[0m
[ 42%] [32mBuilding CXX object CMakeFiles/demo_cv_follow.dir/src/demo_cv_follow.cpp.o[0m
[ 45%] [32mBuilding CXX object CMakeFiles/demo_cv_hsv.dir/src/demo_cv_hsv.cpp.o[0m
[ 47%] [32mBuilding CXX object CMakeFiles/demo_cv_image.dir/src/demo_cv_image.cpp.o[0m
[ 50%] [32mBuilding CXX object CMakeFiles/wpr_plugin.dir/src/wpr_plugin.cpp.o[0m
[ 52%] [32m[1mLinking CXX executable /home/ok/catkin_ws/devel/.private/wpr_simulation/lib/wpr_simulation/ball_random_move[0m
[ 54%] [32m[1mLinking CXX executable /home/ok/catkin_ws/devel/.private/wpr_simulation/lib/wpr_simulation/keyboard_vel_ctrl[0m
[ 54%] Built target ball_random_move
[ 54%] Built target keyboard_vel_ctrl
[ 57%] [32m[1mLinking CXX executable /home/ok/catkin_ws/devel/.private/wpr_simulation/lib/wpr_simulation/demo_map_pub[0m
[ 59%] [32m[1mLinking CXX executable /home/ok/catkin_ws/devel/.private/wpr_simulation/lib/wpr_simulation/demo_lidar_data[0m
[ 61%] [32m[1mLinking CXX executable /home/ok/catkin_ws/devel/.private/wpr_simulation/lib/wpr_simulation/demo_vel_ctrl[0m
[ 64%] [32m[1mLinking CXX executable /home/ok/catkin_ws/devel/.private/wpr_simulation/lib/wpr_simulation/demo_lidar_behavior[0m
[ 66%] [32m[1mLinking CXX executable /home/ok/catkin_ws/devel/.private/wpr_simulation/lib/wpr_simulation/demo_waypoint_navi[0m
[ 66%] Built target demo_map_pub
[ 69%] [32m[1mLinking CXX executable /home/ok/catkin_ws/devel/.private/wpr_simulation/lib/wpr_simulation/demo_map_tool[0m
[ 71%] [32m[1mLinking CXX executable /home/ok/catkin_ws/devel/.private/wpr_simulation/lib/wpr_simulation/lidar_filter[0m
[ 71%] Built target demo_vel_ctrl
[ 73%] [32m[1mLinking CXX executable /home/ok/catkin_ws/devel/.private/wpr_simulation/lib/wpr_simulation/teleop_js_node[0m
[ 76%] [32m[1mLinking CXX executable /home/ok/catkin_ws/devel/.private/wpr_simulation/lib/wpr_simulation/demo_sr_navigation[0m
[ 76%] Built target demo_lidar_data
[ 76%] Built target demo_waypoint_navi
[ 76%] Built target demo_map_tool
[ 76%] Built target demo_lidar_behavior
[ 76%] Built target lidar_filter
[ 76%] Built target teleop_js_node
[ 76%] Built target demo_sr_navigation
[ 78%] [32m[1mLinking CXX executable /home/ok/catkin_ws/devel/.private/wpr_simulation/lib/wpr_simulation/demo_cv_image[0m
[ 80%] [32m[1mLinking CXX executable /home/ok/catkin_ws/devel/.private/wpr_simulation/lib/wpr_simulation/demo_cv_follow[0m
[ 83%] [32m[1mLinking CXX executable /home/ok/catkin_ws/devel/.private/wpr_simulation/lib/wpr_simulation/demo_cv_face_detect[0m
[ 85%] [32m[1mLinking CXX executable /home/ok/catkin_ws/devel/.private/wpr_simulation/lib/wpr_simulation/demo_imu_behavior[0m
[ 88%] [32m[1mLinking CXX executable /home/ok/catkin_ws/devel/.private/wpr_simulation/lib/wpr_simulation/demo_cv_hsv[0m
[ 90%] [32m[1mLinking CXX executable /home/ok/catkin_ws/devel/.private/wpr_simulation/lib/wpr_simulation/demo_imu_data[0m
[ 90%] Built target demo_imu_behavior
[ 90%] Built target demo_imu_data
[ 90%] Built target demo_cv_follow
[ 90%] Built target demo_cv_image
[ 90%] Built target demo_cv_face_detect
[ 90%] Built target demo_cv_hsv
[ 92%] [32m[1mLinking CXX executable /home/ok/catkin_ws/devel/.private/wpr_simulation/lib/wpr_simulation/wpb_home_sim[0m
[ 92%] Built target wpb_home_sim
[ 95%] [32m[1mLinking CXX executable /home/ok/catkin_ws/devel/.private/wpr_simulation/lib/wpr_simulation/wpr1_sim[0m
[ 97%] [32m[1mLinking CXX executable /home/ok/catkin_ws/devel/.private/wpr_simulation/lib/wpr_simulation/demo_simple_goal[0m
[ 97%] Built target wpr1_sim
[ 97%] Built target demo_simple_goal
[100%] [32m[1mLinking CXX shared library /home/ok/catkin_ws/devel/.private/wpr_simulation/lib/libwpr_plugin.so[0m
[100%] Built target wpr_plugin
